{"level":"info","message":"Connected to vidly","timestamp":"2019-09-09T20:38:44.761Z"}
{"level":"info","message":"Listening on port 3000...","timestamp":"2019-09-09T20:38:44.777Z"}
{"level":"error","timestamp":"2019-09-09T20:38:46.947Z"}
{"message":"id is not defined","stack":"ReferenceError: id is not defined\n    at id (D:\\Workshops and projects\\node js\\vidly\\routes\\genres.js:44:43)","level":"error","timestamp":"2019-09-09T20:38:47.123Z"}
{"level":"info","message":"Connected to vidly","timestamp":"2019-09-09T20:40:49.725Z"}
{"level":"info","message":"Listening on port 3000...","timestamp":"2019-09-09T20:40:49.740Z"}
{"level":"error","timestamp":"2019-09-09T20:40:51.940Z"}
{"message":"id is not defined","stack":"ReferenceError: id is not defined\n    at id (D:\\Workshops and projects\\node js\\vidly\\routes\\genres.js:44:43)","level":"error","timestamp":"2019-09-09T20:40:52.042Z"}
{"level":"info","message":"Connected to vidly","timestamp":"2019-09-09T20:42:44.935Z"}
{"level":"info","message":"Listening on port 3000...","timestamp":"2019-09-09T20:42:44.950Z"}
{"level":"error","timestamp":"2019-09-09T20:42:47.150Z"}
{"level":"info","message":"Connected to vidly","timestamp":"2019-09-09T20:43:30.647Z"}
{"level":"info","message":"Listening on port 3000...","timestamp":"2019-09-09T20:43:30.659Z"}
{"level":"error","timestamp":"2019-09-09T20:43:32.878Z"}
{"level":"info","message":"Connected to vidly","timestamp":"2019-09-09T20:43:59.172Z"}
{"level":"info","message":"Listening on port 3000...","timestamp":"2019-09-09T20:43:59.194Z"}
{"level":"error","timestamp":"2019-09-09T20:44:01.383Z"}
{"level":"info","message":"Connected to vidly","timestamp":"2019-09-09T20:45:15.215Z"}
{"level":"info","message":"Listening on port 3000...","timestamp":"2019-09-09T20:45:15.227Z"}
{"level":"error","timestamp":"2019-09-09T20:45:17.374Z"}
{"level":"info","message":"Connected to vidly","timestamp":"2019-09-09T20:47:33.984Z"}
{"level":"info","message":"Listening on port 3000...","timestamp":"2019-09-09T20:47:34.009Z"}
{"level":"error","timestamp":"2019-09-09T20:47:36.241Z"}
{"level":"info","message":"Connected to vidly","timestamp":"2019-09-09T20:48:11.900Z"}
{"level":"info","message":"Listening on port 3000...","timestamp":"2019-09-09T20:48:11.921Z"}
{"level":"error","timestamp":"2019-09-09T20:48:14.026Z"}
{"level":"info","message":"Connected to vidly","timestamp":"2019-09-09T20:48:21.607Z"}
{"level":"info","message":"Listening on port 3000...","timestamp":"2019-09-09T20:48:21.619Z"}
{"level":"error","timestamp":"2019-09-09T20:48:23.836Z"}
{"message":"id is not defined","stack":"ReferenceError: id is not defined\n    at id (D:\\Workshops and projects\\node js\\vidly\\routes\\genres.js:44:43)","level":"error","timestamp":"2019-09-09T20:48:24.104Z"}
{"level":"info","message":"Connected to vidly","timestamp":"2019-09-09T20:50:39.561Z"}
{"level":"info","message":"Listening on port 3000...","timestamp":"2019-09-09T20:50:39.573Z"}
{"level":"error","timestamp":"2019-09-09T20:50:41.761Z"}
{"message":"id is not defined","stack":"ReferenceError: id is not defined\n    at id (D:\\Workshops and projects\\node js\\vidly\\routes\\genres.js:39:43)","level":"error","timestamp":"2019-09-09T20:50:41.940Z"}
{"level":"info","message":"Connected to vidly","timestamp":"2019-09-09T20:51:21.245Z"}
{"level":"info","message":"Listening on port 3000...","timestamp":"2019-09-09T20:51:21.269Z"}
{"level":"error","timestamp":"2019-09-09T20:51:23.495Z"}
{"message":"id is not defined","stack":"ReferenceError: id is not defined\n    at id (D:\\Workshops and projects\\node js\\vidly\\routes\\genres.js:39:43)","level":"error","timestamp":"2019-09-09T20:51:23.684Z"}
{"level":"info","message":"Connected to vidly","timestamp":"2019-09-09T20:51:42.924Z"}
{"level":"info","message":"Listening on port 3000...","timestamp":"2019-09-09T20:51:42.944Z"}
{"level":"error","timestamp":"2019-09-09T20:51:45.208Z"}
{"message":"id is not defined","stack":"ReferenceError: id is not defined\n    at id (D:\\Workshops and projects\\node js\\vidly\\routes\\genres.js:43:43)","level":"error","timestamp":"2019-09-09T20:51:45.432Z"}
{"level":"info","message":"Connected to vidly","timestamp":"2019-09-09T20:53:03.584Z"}
{"level":"info","message":"Listening on port 3000...","timestamp":"2019-09-09T20:53:03.606Z"}
{"level":"error","timestamp":"2019-09-09T20:53:05.814Z"}
{"level":"info","message":"Connected to vidly","timestamp":"2019-09-09T20:53:40.042Z"}
{"level":"info","message":"Listening on port 3000...","timestamp":"2019-09-09T20:53:40.065Z"}
{"level":"error","timestamp":"2019-09-09T20:53:42.319Z"}
{"level":"info","message":"Connected to vidly","timestamp":"2019-09-09T20:54:22.294Z"}
{"level":"info","message":"Listening on port 3000...","timestamp":"2019-09-09T20:54:22.314Z"}
{"level":"error","timestamp":"2019-09-09T20:54:24.510Z"}
{"level":"info","message":"Connected to vidly","timestamp":"2019-09-09T20:54:37.583Z"}
{"level":"info","message":"Listening on port 3000...","timestamp":"2019-09-09T20:54:37.604Z"}
{"level":"error","timestamp":"2019-09-09T20:54:39.790Z"}
{"level":"info","message":"Connected to vidly","timestamp":"2019-09-09T20:54:52.704Z"}
{"level":"info","message":"Listening on port 3000...","timestamp":"2019-09-09T20:54:52.725Z"}
{"level":"error","timestamp":"2019-09-09T20:54:54.988Z"}
{"message":"resp.status(...).send(...).message is not a function","stack":"TypeError: resp.status(...).send(...).message is not a function\n    at message (D:\\Workshops and projects\\node js\\vidly\\routes\\genres.js:59:6)","level":"error","timestamp":"2019-09-09T20:54:55.177Z"}
{"level":"info","message":"Connected to vidly","timestamp":"2019-09-09T20:55:48.761Z"}
{"level":"info","message":"Listening on port 3000...","timestamp":"2019-09-09T20:55:48.785Z"}
{"level":"error","timestamp":"2019-09-09T20:55:51.032Z"}
{"message":"resp.status(...).send(...).message is not a function","stack":"TypeError: resp.status(...).send(...).message is not a function\n    at message (D:\\Workshops and projects\\node js\\vidly\\routes\\genres.js:59:6)","level":"error","timestamp":"2019-09-09T20:55:51.211Z"}
{"level":"info","message":"Connected to vidly","timestamp":"2019-09-09T20:56:41.058Z"}
{"level":"info","message":"Listening on port 3000...","timestamp":"2019-09-09T20:56:41.071Z"}
{"level":"error","timestamp":"2019-09-09T20:56:43.325Z"}
{"message":"resp.status(...).send(...).message is not a function","stack":"TypeError: resp.status(...).send(...).message is not a function\n    at message (D:\\Workshops and projects\\node js\\vidly\\routes\\genres.js:59:6)","level":"error","timestamp":"2019-09-09T20:56:43.542Z"}
{"level":"info","message":"Connected to vidly","timestamp":"2019-09-09T20:57:08.664Z"}
{"level":"info","message":"Listening on port 3000...","timestamp":"2019-09-09T20:57:08.685Z"}
{"level":"error","timestamp":"2019-09-09T20:57:10.807Z"}
{"message":"resp.status(...).send(...).message is not a function","stack":"TypeError: resp.status(...).send(...).message is not a function\n    at message (D:\\Workshops and projects\\node js\\vidly\\routes\\genres.js:59:6)","level":"error","timestamp":"2019-09-09T20:57:10.962Z"}
{"message":"resp.status(...).send(...).message is not a function","stack":"TypeError: resp.status(...).send(...).message is not a function\n    at message (D:\\Workshops and projects\\node js\\vidly\\routes\\genres.js:59:6)","level":"error","timestamp":"2019-09-09T20:57:10.973Z"}
{"level":"info","message":"Connected to vidly","timestamp":"2019-09-09T20:57:43.560Z"}
{"level":"info","message":"Listening on port 3000...","timestamp":"2019-09-09T20:57:43.583Z"}
{"level":"error","timestamp":"2019-09-09T20:57:45.781Z"}
{"message":"resp.status(...).send(...).message is not a function","stack":"TypeError: resp.status(...).send(...).message is not a function\n    at message (D:\\Workshops and projects\\node js\\vidly\\routes\\genres.js:59:6)","level":"error","timestamp":"2019-09-09T20:57:45.947Z"}
{"message":"resp.status(...).send(...).message is not a function","stack":"TypeError: resp.status(...).send(...).message is not a function\n    at message (D:\\Workshops and projects\\node js\\vidly\\routes\\genres.js:59:6)","level":"error","timestamp":"2019-09-09T20:57:45.960Z"}
{"level":"info","message":"Connected to vidly","timestamp":"2019-09-09T20:57:58.546Z"}
{"level":"info","message":"Listening on port 3000...","timestamp":"2019-09-09T20:57:58.558Z"}
{"level":"error","timestamp":"2019-09-09T20:58:00.820Z"}
{"message":"resp.status(...).send(...).message is not a function","stack":"TypeError: resp.status(...).send(...).message is not a function\n    at message (D:\\Workshops and projects\\node js\\vidly\\routes\\genres.js:59:6)","level":"error","timestamp":"2019-09-09T20:58:01.143Z"}
{"message":"resp.status(...).send(...).message is not a function","stack":"TypeError: resp.status(...).send(...).message is not a function\n    at message (D:\\Workshops and projects\\node js\\vidly\\routes\\genres.js:59:6)","level":"error","timestamp":"2019-09-09T20:58:01.160Z"}
{"level":"info","message":"Connected to vidly","timestamp":"2019-09-09T20:58:16.512Z"}
{"level":"info","message":"Listening on port 3000...","timestamp":"2019-09-09T20:58:16.532Z"}
{"level":"error","timestamp":"2019-09-09T20:58:18.780Z"}
{"message":"resp.status(...).send(...).message is not a function","stack":"TypeError: resp.status(...).send(...).message is not a function\n    at message (D:\\Workshops and projects\\node js\\vidly\\routes\\genres.js:59:6)","level":"error","timestamp":"2019-09-09T20:58:19.063Z"}
{"message":"resp.status(...).send(...).message is not a function","stack":"TypeError: resp.status(...).send(...).message is not a function\n    at message (D:\\Workshops and projects\\node js\\vidly\\routes\\genres.js:59:6)","level":"error","timestamp":"2019-09-09T20:58:19.076Z"}
{"level":"info","message":"Connected to vidly","timestamp":"2019-09-09T20:59:02.199Z"}
{"level":"info","message":"Listening on port 3000...","timestamp":"2019-09-09T20:59:02.214Z"}
{"level":"error","timestamp":"2019-09-09T20:59:04.425Z"}
{"message":"resp.status(...).send(...).message is not a function","stack":"TypeError: resp.status(...).send(...).message is not a function\n    at message (D:\\Workshops and projects\\node js\\vidly\\routes\\genres.js:59:6)","level":"error","timestamp":"2019-09-09T20:59:04.646Z"}
{"message":"resp.status(...).send(...).message is not a function","stack":"TypeError: resp.status(...).send(...).message is not a function\n    at message (D:\\Workshops and projects\\node js\\vidly\\routes\\genres.js:59:6)","level":"error","timestamp":"2019-09-09T20:59:04.663Z"}
{"level":"info","message":"Connected to vidly","timestamp":"2019-09-09T20:59:29.650Z"}
{"level":"info","message":"Listening on port 3000...","timestamp":"2019-09-09T20:59:29.662Z"}
{"level":"error","timestamp":"2019-09-09T20:59:31.901Z"}
{"message":"resp.status(...).send(...).message is not a function","stack":"TypeError: resp.status(...).send(...).message is not a function\n    at message (D:\\Workshops and projects\\node js\\vidly\\routes\\genres.js:59:6)","level":"error","timestamp":"2019-09-09T20:59:32.190Z"}
{"message":"resp.status(...).send(...).message is not a function","stack":"TypeError: resp.status(...).send(...).message is not a function\n    at message (D:\\Workshops and projects\\node js\\vidly\\routes\\genres.js:59:6)","level":"error","timestamp":"2019-09-09T20:59:32.207Z"}
{"message":"id is not defined","stack":"ReferenceError: id is not defined\n    at id (D:\\Workshops and projects\\node js\\vidly\\routes\\genres.js:54:43)","level":"error","timestamp":"2019-09-09T20:59:32.242Z"}
{"level":"info","message":"Connected to vidly","timestamp":"2019-09-09T20:59:58.123Z"}
{"level":"info","message":"Listening on port 3000...","timestamp":"2019-09-09T20:59:58.147Z"}
{"level":"error","timestamp":"2019-09-09T21:00:00.351Z"}
{"message":"resp.status(...).send(...).message is not a function","stack":"TypeError: resp.status(...).send(...).message is not a function\n    at message (D:\\Workshops and projects\\node js\\vidly\\routes\\genres.js:59:6)","level":"error","timestamp":"2019-09-09T21:00:00.512Z"}
{"message":"resp.status(...).send(...).message is not a function","stack":"TypeError: resp.status(...).send(...).message is not a function\n    at message (D:\\Workshops and projects\\node js\\vidly\\routes\\genres.js:59:6)","level":"error","timestamp":"2019-09-09T21:00:00.528Z"}
{"level":"info","message":"Connected to vidly","timestamp":"2019-09-09T21:00:10.313Z"}
{"level":"info","message":"Listening on port 3000...","timestamp":"2019-09-09T21:00:10.337Z"}
{"level":"error","timestamp":"2019-09-09T21:00:12.605Z"}
{"message":"resp.status(...).send(...).message is not a function","stack":"TypeError: resp.status(...).send(...).message is not a function\n    at message (D:\\Workshops and projects\\node js\\vidly\\routes\\genres.js:59:6)","level":"error","timestamp":"2019-09-09T21:00:12.906Z"}
{"message":"resp.status(...).send(...).message is not a function","stack":"TypeError: resp.status(...).send(...).message is not a function\n    at message (D:\\Workshops and projects\\node js\\vidly\\routes\\genres.js:59:6)","level":"error","timestamp":"2019-09-09T21:00:12.923Z"}
{"level":"info","message":"Connected to vidly","timestamp":"2019-09-09T21:00:25.335Z"}
{"level":"info","message":"Listening on port 3000...","timestamp":"2019-09-09T21:00:25.349Z"}
{"level":"error","timestamp":"2019-09-09T21:00:27.487Z"}
{"message":"resp.status(...).send(...).message is not a function","stack":"TypeError: resp.status(...).send(...).message is not a function\n    at message (D:\\Workshops and projects\\node js\\vidly\\routes\\genres.js:59:6)","level":"error","timestamp":"2019-09-09T21:00:27.632Z"}
{"message":"resp.status(...).send(...).message is not a function","stack":"TypeError: resp.status(...).send(...).message is not a function\n    at message (D:\\Workshops and projects\\node js\\vidly\\routes\\genres.js:59:6)","level":"error","timestamp":"2019-09-09T21:00:27.649Z"}
